C:\USERS\CESAR\DOCUMENTS\VISUAL STUDIO 2012\PROJECTS\MAQUINA_TURING\MAQUINA_TURING\DEBUG\MAQUINA_TURING.PCH
C:\USERS\CESAR\DOCUMENTS\VISUAL STUDIO 2012\PROJECTS\MAQUINA_TURING\MAQUINA_TURING\DEBUG\VC110.PDB
C:\USERS\CESAR\DOCUMENTS\VISUAL STUDIO 2012\PROJECTS\MAQUINA_TURING\MAQUINA_TURING\DEBUG\STDAFX.OBJ
C:\USERS\CESAR\DOCUMENTS\VISUAL STUDIO 2012\PROJECTS\MAQUINA_TURING\MAQUINA_TURING\DEBUG\D2DHANDLE.OBJ
C:\USERS\CESAR\DOCUMENTS\VISUAL STUDIO 2012\PROJECTS\MAQUINA_TURING\MAQUINA_TURING\DEBUG\D2DUI.OBJ
C:\USERS\CESAR\DOCUMENTS\VISUAL STUDIO 2012\PROJECTS\MAQUINA_TURING\MAQUINA_TURING\DEBUG\MAQUINA_TURING.OBJ
C:\USERS\CESAR\DOCUMENTS\VISUAL STUDIO 2012\PROJECTS\MAQUINA_TURING\MAQUINA_TURING\DEBUG\SCENE.OBJ
C:\USERS\CESAR\DOCUMENTS\VISUAL STUDIO 2012\PROJECTS\MAQUINA_TURING\MAQUINA_TURING\DEBUG\PARSER.OBJ
C:\USERS\CESAR\DOCUMENTS\VISUAL STUDIO 2012\PROJECTS\MAQUINA_TURING\DEBUG\MAQUINA_TURING.ILK
C:\USERS\CESAR\DOCUMENTS\VISUAL STUDIO 2012\PROJECTS\MAQUINA_TURING\DEBUG\MAQUINA_TURING.EXE
C:\USERS\CESAR\DOCUMENTS\VISUAL STUDIO 2012\PROJECTS\MAQUINA_TURING\DEBUG\MAQUINA_TURING.PDB
C:\USERS\CESAR\DOCUMENTS\VISUAL STUDIO 2012\PROJECTS\MAQUINA_TURING\MAQUINA_TURING\DEBUG\MAQUINA_TURING.RES
C:\Users\cesar\documents\visual studio 2012\Projects\Maquina_Turing\Maquina_Turing\Debug\D2DHandle.obj
C:\Users\cesar\documents\visual studio 2012\Projects\Maquina_Turing\Maquina_Turing\Debug\D2DUI.obj
C:\Users\cesar\documents\visual studio 2012\Projects\Maquina_Turing\Maquina_Turing\Debug\Maquina_Turing.obj
C:\Users\cesar\documents\visual studio 2012\Projects\Maquina_Turing\Maquina_Turing\Debug\Parser.obj
C:\Users\cesar\documents\visual studio 2012\Projects\Maquina_Turing\Maquina_Turing\Debug\Scene.obj
C:\Users\cesar\documents\visual studio 2012\Projects\Maquina_Turing\Maquina_Turing\Debug\stdafx.obj
C:\Users\cesar\documents\visual studio 2012\Projects\Maquina_Turing\Maquina_Turing\Debug\cl.command.1.tlog
C:\Users\cesar\documents\visual studio 2012\Projects\Maquina_Turing\Maquina_Turing\Debug\CL.read.1.tlog
C:\Users\cesar\documents\visual studio 2012\Projects\Maquina_Turing\Maquina_Turing\Debug\CL.write.1.tlog
C:\Users\cesar\documents\visual studio 2012\Projects\Maquina_Turing\Maquina_Turing\Debug\link-cvtres.read.1.tlog
C:\Users\cesar\documents\visual studio 2012\Projects\Maquina_Turing\Maquina_Turing\Debug\link-cvtres.write.1.tlog
C:\Users\cesar\documents\visual studio 2012\Projects\Maquina_Turing\Maquina_Turing\Debug\link-rc.read.1.tlog
C:\Users\cesar\documents\visual studio 2012\Projects\Maquina_Turing\Maquina_Turing\Debug\link-rc.write.1.tlog
C:\Users\cesar\documents\visual studio 2012\Projects\Maquina_Turing\Maquina_Turing\Debug\link.1228-cvtres.read.1.tlog
C:\Users\cesar\documents\visual studio 2012\Projects\Maquina_Turing\Maquina_Turing\Debug\link.1228-cvtres.write.1.tlog
C:\Users\cesar\documents\visual studio 2012\Projects\Maquina_Turing\Maquina_Turing\Debug\link.1228-rc.read.1.tlog
C:\Users\cesar\documents\visual studio 2012\Projects\Maquina_Turing\Maquina_Turing\Debug\link.1228-rc.write.1.tlog
C:\Users\cesar\documents\visual studio 2012\Projects\Maquina_Turing\Maquina_Turing\Debug\link.1228.read.1.tlog
C:\Users\cesar\documents\visual studio 2012\Projects\Maquina_Turing\Maquina_Turing\Debug\link.1228.write.1.tlog
C:\Users\cesar\documents\visual studio 2012\Projects\Maquina_Turing\Maquina_Turing\Debug\link.12996-cvtres.read.1.tlog
C:\Users\cesar\documents\visual studio 2012\Projects\Maquina_Turing\Maquina_Turing\Debug\link.12996-cvtres.write.1.tlog
C:\Users\cesar\documents\visual studio 2012\Projects\Maquina_Turing\Maquina_Turing\Debug\link.12996-rc.read.1.tlog
C:\Users\cesar\documents\visual studio 2012\Projects\Maquina_Turing\Maquina_Turing\Debug\link.12996-rc.write.1.tlog
C:\Users\cesar\documents\visual studio 2012\Projects\Maquina_Turing\Maquina_Turing\Debug\link.12996.read.1.tlog
C:\Users\cesar\documents\visual studio 2012\Projects\Maquina_Turing\Maquina_Turing\Debug\link.12996.write.1.tlog
C:\Users\cesar\documents\visual studio 2012\Projects\Maquina_Turing\Maquina_Turing\Debug\link.14592-cvtres.read.1.tlog
C:\Users\cesar\documents\visual studio 2012\Projects\Maquina_Turing\Maquina_Turing\Debug\link.14592-cvtres.write.1.tlog
C:\Users\cesar\documents\visual studio 2012\Projects\Maquina_Turing\Maquina_Turing\Debug\link.14592-rc.read.1.tlog
C:\Users\cesar\documents\visual studio 2012\Projects\Maquina_Turing\Maquina_Turing\Debug\link.14592-rc.write.1.tlog
C:\Users\cesar\documents\visual studio 2012\Projects\Maquina_Turing\Maquina_Turing\Debug\link.14592.read.1.tlog
C:\Users\cesar\documents\visual studio 2012\Projects\Maquina_Turing\Maquina_Turing\Debug\link.14592.write.1.tlog
C:\Users\cesar\documents\visual studio 2012\Projects\Maquina_Turing\Maquina_Turing\Debug\link.16352-cvtres.read.1.tlog
C:\Users\cesar\documents\visual studio 2012\Projects\Maquina_Turing\Maquina_Turing\Debug\link.16352-cvtres.write.1.tlog
C:\Users\cesar\documents\visual studio 2012\Projects\Maquina_Turing\Maquina_Turing\Debug\link.16352-rc.read.1.tlog
C:\Users\cesar\documents\visual studio 2012\Projects\Maquina_Turing\Maquina_Turing\Debug\link.16352-rc.write.1.tlog
C:\Users\cesar\documents\visual studio 2012\Projects\Maquina_Turing\Maquina_Turing\Debug\link.16352.read.1.tlog
C:\Users\cesar\documents\visual studio 2012\Projects\Maquina_Turing\Maquina_Turing\Debug\link.16352.write.1.tlog
C:\Users\cesar\documents\visual studio 2012\Projects\Maquina_Turing\Maquina_Turing\Debug\link.18172-cvtres.read.1.tlog
C:\Users\cesar\documents\visual studio 2012\Projects\Maquina_Turing\Maquina_Turing\Debug\link.18172-cvtres.write.1.tlog
C:\Users\cesar\documents\visual studio 2012\Projects\Maquina_Turing\Maquina_Turing\Debug\link.18172-rc.read.1.tlog
C:\Users\cesar\documents\visual studio 2012\Projects\Maquina_Turing\Maquina_Turing\Debug\link.18172-rc.write.1.tlog
C:\Users\cesar\documents\visual studio 2012\Projects\Maquina_Turing\Maquina_Turing\Debug\link.18172.read.1.tlog
C:\Users\cesar\documents\visual studio 2012\Projects\Maquina_Turing\Maquina_Turing\Debug\link.18172.write.1.tlog
C:\Users\cesar\documents\visual studio 2012\Projects\Maquina_Turing\Maquina_Turing\Debug\link.19120-cvtres.read.1.tlog
C:\Users\cesar\documents\visual studio 2012\Projects\Maquina_Turing\Maquina_Turing\Debug\link.19120-cvtres.write.1.tlog
C:\Users\cesar\documents\visual studio 2012\Projects\Maquina_Turing\Maquina_Turing\Debug\link.19120-rc.read.1.tlog
C:\Users\cesar\documents\visual studio 2012\Projects\Maquina_Turing\Maquina_Turing\Debug\link.19120-rc.write.1.tlog
C:\Users\cesar\documents\visual studio 2012\Projects\Maquina_Turing\Maquina_Turing\Debug\link.19120.read.1.tlog
C:\Users\cesar\documents\visual studio 2012\Projects\Maquina_Turing\Maquina_Turing\Debug\link.19120.write.1.tlog
C:\Users\cesar\documents\visual studio 2012\Projects\Maquina_Turing\Maquina_Turing\Debug\link.20556-cvtres.read.1.tlog
C:\Users\cesar\documents\visual studio 2012\Projects\Maquina_Turing\Maquina_Turing\Debug\link.20556-cvtres.write.1.tlog
C:\Users\cesar\documents\visual studio 2012\Projects\Maquina_Turing\Maquina_Turing\Debug\link.20556-rc.read.1.tlog
C:\Users\cesar\documents\visual studio 2012\Projects\Maquina_Turing\Maquina_Turing\Debug\link.20556-rc.write.1.tlog
C:\Users\cesar\documents\visual studio 2012\Projects\Maquina_Turing\Maquina_Turing\Debug\link.20556.read.1.tlog
C:\Users\cesar\documents\visual studio 2012\Projects\Maquina_Turing\Maquina_Turing\Debug\link.20556.write.1.tlog
C:\Users\cesar\documents\visual studio 2012\Projects\Maquina_Turing\Maquina_Turing\Debug\link.2308-cvtres.read.1.tlog
C:\Users\cesar\documents\visual studio 2012\Projects\Maquina_Turing\Maquina_Turing\Debug\link.2308-cvtres.write.1.tlog
C:\Users\cesar\documents\visual studio 2012\Projects\Maquina_Turing\Maquina_Turing\Debug\link.2308-rc.read.1.tlog
C:\Users\cesar\documents\visual studio 2012\Projects\Maquina_Turing\Maquina_Turing\Debug\link.2308-rc.write.1.tlog
C:\Users\cesar\documents\visual studio 2012\Projects\Maquina_Turing\Maquina_Turing\Debug\link.2308.read.1.tlog
C:\Users\cesar\documents\visual studio 2012\Projects\Maquina_Turing\Maquina_Turing\Debug\link.2308.write.1.tlog
C:\Users\cesar\documents\visual studio 2012\Projects\Maquina_Turing\Maquina_Turing\Debug\link.3484-cvtres.read.1.tlog
C:\Users\cesar\documents\visual studio 2012\Projects\Maquina_Turing\Maquina_Turing\Debug\link.3484-cvtres.write.1.tlog
C:\Users\cesar\documents\visual studio 2012\Projects\Maquina_Turing\Maquina_Turing\Debug\link.3484-rc.read.1.tlog
C:\Users\cesar\documents\visual studio 2012\Projects\Maquina_Turing\Maquina_Turing\Debug\link.3484-rc.write.1.tlog
C:\Users\cesar\documents\visual studio 2012\Projects\Maquina_Turing\Maquina_Turing\Debug\link.3484.read.1.tlog
C:\Users\cesar\documents\visual studio 2012\Projects\Maquina_Turing\Maquina_Turing\Debug\link.3484.write.1.tlog
C:\Users\cesar\documents\visual studio 2012\Projects\Maquina_Turing\Maquina_Turing\Debug\link.5996-cvtres.read.1.tlog
C:\Users\cesar\documents\visual studio 2012\Projects\Maquina_Turing\Maquina_Turing\Debug\link.5996-cvtres.write.1.tlog
C:\Users\cesar\documents\visual studio 2012\Projects\Maquina_Turing\Maquina_Turing\Debug\link.5996-rc.read.1.tlog
C:\Users\cesar\documents\visual studio 2012\Projects\Maquina_Turing\Maquina_Turing\Debug\link.5996-rc.write.1.tlog
C:\Users\cesar\documents\visual studio 2012\Projects\Maquina_Turing\Maquina_Turing\Debug\link.5996.read.1.tlog
C:\Users\cesar\documents\visual studio 2012\Projects\Maquina_Turing\Maquina_Turing\Debug\link.5996.write.1.tlog
C:\Users\cesar\documents\visual studio 2012\Projects\Maquina_Turing\Maquina_Turing\Debug\link.6616-cvtres.read.1.tlog
C:\Users\cesar\documents\visual studio 2012\Projects\Maquina_Turing\Maquina_Turing\Debug\link.6616-cvtres.write.1.tlog
C:\Users\cesar\documents\visual studio 2012\Projects\Maquina_Turing\Maquina_Turing\Debug\link.6616-rc.read.1.tlog
C:\Users\cesar\documents\visual studio 2012\Projects\Maquina_Turing\Maquina_Turing\Debug\link.6616-rc.write.1.tlog
C:\Users\cesar\documents\visual studio 2012\Projects\Maquina_Turing\Maquina_Turing\Debug\link.6616.read.1.tlog
C:\Users\cesar\documents\visual studio 2012\Projects\Maquina_Turing\Maquina_Turing\Debug\link.6616.write.1.tlog
C:\Users\cesar\documents\visual studio 2012\Projects\Maquina_Turing\Maquina_Turing\Debug\link.command.1.tlog
C:\Users\cesar\documents\visual studio 2012\Projects\Maquina_Turing\Maquina_Turing\Debug\link.read.1.tlog
C:\Users\cesar\documents\visual studio 2012\Projects\Maquina_Turing\Maquina_Turing\Debug\link.write.1.tlog
C:\Users\cesar\documents\visual studio 2012\Projects\Maquina_Turing\Maquina_Turing\Debug\rc.command.1.tlog
C:\Users\cesar\documents\visual studio 2012\Projects\Maquina_Turing\Maquina_Turing\Debug\rc.read.1.tlog
C:\Users\cesar\documents\visual studio 2012\Projects\Maquina_Turing\Maquina_Turing\Debug\rc.write.1.tlog
C:\Users\cesar\documents\visual studio 2012\Projects\Maquina_Turing\Maquina_Turing\Debug\Maquina_Turing.res
C:\Users\cesar\documents\visual studio 2012\Projects\Maquina_Turing\Maquina_Turing\Debug\Maquina_Turing.pch
C:\Users\cesar\documents\visual studio 2012\Projects\Maquina_Turing\Maquina_Turing\Debug\vc110.idb
C:\Users\cesar\documents\visual studio 2012\Projects\Maquina_Turing\Maquina_Turing\Debug\vc110.pdb
